[debug] [2022-05-02T14:36:04.930Z] ----------------------------------------------------------------------
[debug] [2022-05-02T14:36:04.932Z] Command:       C:\Program Files\nodejs\node.exe C:\Users\Oshino\AppData\Roaming\npm\node_modules\firebase-tools\lib\bin\firebase.js deploy
[debug] [2022-05-02T14:36:04.933Z] CLI Version:   10.7.2
[debug] [2022-05-02T14:36:04.933Z] Platform:      win32
[debug] [2022-05-02T14:36:04.933Z] Node Version:  v16.14.2
[debug] [2022-05-02T14:36:04.943Z] Time:          Mon May 02 2022 22:36:04 GMT+0800 (Philippine Standard Time)
[debug] [2022-05-02T14:36:04.943Z] ----------------------------------------------------------------------
[debug] 
[debug] [2022-05-02T14:36:04.947Z] >>> [apiv2][query] GET https://firebase-public.firebaseio.com/cli.json [none]
[debug] [2022-05-02T14:36:05.063Z] > command requires scopes: ["email","openid","https://www.googleapis.com/auth/cloudplatformprojects.readonly","https://www.googleapis.com/auth/firebase","https://www.googleapis.com/auth/cloud-platform"]
[debug] [2022-05-02T14:36:05.063Z] > authorizing via signed-in user (matthew_walden_lua@dlsu.edu.ph)
[debug] [2022-05-02T14:36:05.064Z] [iam] checking project depixion-crowd for permissions ["datastore.indexes.create","datastore.indexes.delete","datastore.indexes.list","datastore.indexes.update","firebase.projects.get","firebasehosting.sites.update"]
[debug] [2022-05-02T14:36:05.065Z] > refreshing access token with scopes: []
[debug] [2022-05-02T14:36:05.065Z] >>> HTTP REQUEST POST https://www.googleapis.com/oauth2/v3/token  
 <request body omitted>
[debug] [2022-05-02T14:36:05.224Z] <<< HTTP RESPONSE 400 {"pragma":"no-cache","cache-control":"no-cache, no-store, max-age=0, must-revalidate","expires":"Mon, 01 Jan 1990 00:00:00 GMT","date":"Mon, 02 May 2022 14:36:06 GMT","content-type":"application/json; charset=utf-8","vary":"X-Origin, Referer, Origin,Accept-Encoding","server":"scaffolding on HTTPServer2","x-xss-protection":"0","x-frame-options":"SAMEORIGIN","x-content-type-options":"nosniff","alt-svc":"h3=\":443\"; ma=2592000,h3-29=\":443\"; ma=2592000,h3-Q050=\":443\"; ma=2592000,h3-Q046=\":443\"; ma=2592000,h3-Q043=\":443\"; ma=2592000,quic=\":443\"; ma=2592000; v=\"46,43\"","accept-ranges":"none","transfer-encoding":"chunked"}
[debug] [2022-05-02T14:36:05.225Z] >>> [apiv2][query] POST https://cloudresourcemanager.googleapis.com/v1/projects/depixion-crowd:testIamPermissions [none]
[debug] [2022-05-02T14:36:05.225Z] >>> [apiv2][body] POST https://cloudresourcemanager.googleapis.com/v1/projects/depixion-crowd:testIamPermissions {"permissions":["datastore.indexes.create","datastore.indexes.delete","datastore.indexes.list","datastore.indexes.update","firebase.projects.get","firebasehosting.sites.update"]}
[debug] [2022-05-02T14:36:05.764Z] <<< [apiv2][status] GET https://firebase-public.firebaseio.com/cli.json 200
[debug] [2022-05-02T14:36:05.764Z] <<< [apiv2][body] GET https://firebase-public.firebaseio.com/cli.json {"cloudBuildErrorAfter":1594252800000,"cloudBuildWarnAfter":1590019200000,"defaultNode10After":1594252800000,"minVersion":"3.0.5","node8DeploysDisabledAfter":1613390400000,"node8RuntimeDisabledAfter":1615809600000,"node8WarnAfter":1600128000000}
[debug] [2022-05-02T14:36:06.292Z] <<< [apiv2][status] POST https://cloudresourcemanager.googleapis.com/v1/projects/depixion-crowd:testIamPermissions 401
[debug] [2022-05-02T14:36:06.292Z] <<< [apiv2][body] POST https://cloudresourcemanager.googleapis.com/v1/projects/depixion-crowd:testIamPermissions {"error":{"code":401,"message":"Request had invalid authentication credentials. Expected OAuth 2 access token, login cookie or other valid authentication credential. See https://developers.google.com/identity/sign-in/web/devconsole-project.","status":"UNAUTHENTICATED","details":[{"@type":"type.googleapis.com/google.rpc.ErrorInfo","reason":"ACCESS_TOKEN_TYPE_UNSUPPORTED","metadata":{"method":"google.cloudresourcemanager.v1.Projects.TestIamPermissions","service":"cloudresourcemanager.googleapis.com"}}]}}
[debug] [2022-05-02T14:36:06.293Z] [iam] error while checking permissions, command may fail: FirebaseError: HTTP Error: 401, Request had invalid authentication credentials. Expected OAuth 2 access token, login cookie or other valid authentication credential. See https://developers.google.com/identity/sign-in/web/devconsole-project.
[debug] [2022-05-02T14:36:06.293Z] > refreshing access token with scopes: []
[debug] [2022-05-02T14:36:06.294Z] >>> HTTP REQUEST POST https://www.googleapis.com/oauth2/v3/token  
 <request body omitted>
[debug] [2022-05-02T14:36:06.415Z] <<< HTTP RESPONSE 400 {"date":"Mon, 02 May 2022 14:36:08 GMT","expires":"Mon, 01 Jan 1990 00:00:00 GMT","cache-control":"no-cache, no-store, max-age=0, must-revalidate","pragma":"no-cache","content-type":"application/json; charset=utf-8","vary":"X-Origin, Referer, Origin,Accept-Encoding","server":"scaffolding on HTTPServer2","x-xss-protection":"0","x-frame-options":"SAMEORIGIN","x-content-type-options":"nosniff","alt-svc":"h3=\":443\"; ma=2592000,h3-29=\":443\"; ma=2592000,h3-Q050=\":443\"; ma=2592000,h3-Q046=\":443\"; ma=2592000,h3-Q043=\":443\"; ma=2592000,quic=\":443\"; ma=2592000; v=\"46,43\"","accept-ranges":"none","transfer-encoding":"chunked"}
[debug] [2022-05-02T14:36:06.416Z] >>> [apiv2][query] GET https://firebase.googleapis.com/v1beta1/projects/depixion-crowd [none]
[debug] [2022-05-02T14:36:06.569Z] <<< [apiv2][status] GET https://firebase.googleapis.com/v1beta1/projects/depixion-crowd 401
[debug] [2022-05-02T14:36:06.569Z] <<< [apiv2][body] GET https://firebase.googleapis.com/v1beta1/projects/depixion-crowd {"error":{"code":401,"message":"Request had invalid authentication credentials. Expected OAuth 2 access token, login cookie or other valid authentication credential. See https://developers.google.com/identity/sign-in/web/devconsole-project.","status":"UNAUTHENTICATED"}}
[debug] [2022-05-02T14:36:06.570Z] HTTP Error: 401, Request had invalid authentication credentials. Expected OAuth 2 access token, login cookie or other valid authentication credential. See https://developers.google.com/identity/sign-in/web/devconsole-project.
[debug] [2022-05-02T14:36:06.733Z] FirebaseError: HTTP Error: 401, Request had invalid authentication credentials. Expected OAuth 2 access token, login cookie or other valid authentication credential. See https://developers.google.com/identity/sign-in/web/devconsole-project.
    at module.exports (C:\Users\Oshino\AppData\Roaming\npm\node_modules\firebase-tools\lib\responseToError.js:47:12)
    at RetryOperation._fn (C:\Users\Oshino\AppData\Roaming\npm\node_modules\firebase-tools\lib\apiv2.js:286:39)
    at processTicksAndRejections (node:internal/process/task_queues:96:5)
[error] 
[error] Error: Failed to get Firebase project depixion-crowd. Please make sure the project exists and your account has permission to access it.
